2020-03-06 15:52:27.368  INFO 17964 --- [restartedMain] l.m.community.CommunityApplication       : Starting CommunityApplication on DESKTOP-O53LPOA with PID 17964 (D:\ideJavaproject\community\target\classes started by zhoum in D:\ideJavaproject\community)
2020-03-06 15:52:27.371  INFO 17964 --- [restartedMain] l.m.community.CommunityApplication       : No active profile set, falling back to default profiles: default
2020-03-06 15:52:27.427  INFO 17964 --- [restartedMain] .e.DevToolsPropertyDefaultsPostProcessor : Devtools property defaults active! Set 'spring.devtools.add-properties' to 'false' to disable
2020-03-06 15:52:27.427  INFO 17964 --- [restartedMain] .e.DevToolsPropertyDefaultsPostProcessor : For additional web related logging consider setting the 'logging.level.web' property to 'DEBUG'
2020-03-06 15:52:28.265  INFO 17964 --- [restartedMain] o.s.b.w.embedded.tomcat.TomcatWebServer  : Tomcat initialized with port(s): 8080 (http)
2020-03-06 15:52:28.272  INFO 17964 --- [restartedMain] o.apache.catalina.core.StandardService   : Starting service [Tomcat]
2020-03-06 15:52:28.272  INFO 17964 --- [restartedMain] org.apache.catalina.core.StandardEngine  : Starting Servlet engine: [Apache Tomcat/9.0.30]
2020-03-06 15:52:28.273  INFO 17964 --- [restartedMain] o.a.catalina.core.AprLifecycleListener   : Loaded APR based Apache Tomcat Native library [1.2.23] using APR version [1.7.0].
2020-03-06 15:52:28.273  INFO 17964 --- [restartedMain] o.a.catalina.core.AprLifecycleListener   : APR capabilities: IPv6 [true], sendfile [true], accept filters [false], random [true].
2020-03-06 15:52:28.274  INFO 17964 --- [restartedMain] o.a.catalina.core.AprLifecycleListener   : APR/OpenSSL configuration: useAprConnector [false], useOpenSSL [true]
2020-03-06 15:52:28.276  INFO 17964 --- [restartedMain] o.a.catalina.core.AprLifecycleListener   : OpenSSL successfully initialized [OpenSSL 1.1.1c  28 May 2019]
2020-03-06 15:52:28.348  INFO 17964 --- [restartedMain] o.a.c.c.C.[Tomcat].[localhost].[/]       : Initializing Spring embedded WebApplicationContext
2020-03-06 15:52:28.348  INFO 17964 --- [restartedMain] o.s.web.context.ContextLoader            : Root WebApplicationContext: initialization completed in 875 ms
2020-03-06 15:52:28.576  INFO 17964 --- [restartedMain] o.s.s.concurrent.ThreadPoolTaskExecutor  : Initializing ExecutorService 'applicationTaskExecutor'
2020-03-06 15:52:28.620  INFO 17964 --- [restartedMain] o.s.b.a.w.s.WelcomePageHandlerMapping    : Adding welcome page template: index
2020-03-06 15:52:28.813  INFO 17964 --- [restartedMain] o.s.b.d.a.OptionalLiveReloadServer       : LiveReload server is running on port 35729
2020-03-06 15:52:28.849  INFO 17964 --- [restartedMain] o.s.b.w.embedded.tomcat.TomcatWebServer  : Tomcat started on port(s): 8080 (http) with context path ''
2020-03-06 15:52:28.853  INFO 17964 --- [restartedMain] l.m.community.CommunityApplication       : Started CommunityApplication in 1.789 seconds (JVM running for 2.924)
2020-03-06 15:52:42.252  INFO 17964 --- [http-nio-8080-exec-1] o.a.c.c.C.[Tomcat].[localhost].[/]       : Initializing Spring DispatcherServlet 'dispatcherServlet'
2020-03-06 15:52:42.254  INFO 17964 --- [http-nio-8080-exec-1] o.s.web.servlet.DispatcherServlet        : Initializing Servlet 'dispatcherServlet'
2020-03-06 15:52:42.258  INFO 17964 --- [http-nio-8080-exec-1] o.s.web.servlet.DispatcherServlet        : Completed initialization in 4 ms
2020-03-06 15:52:42.699  WARN 17964 --- [http-nio-8080-exec-1] o.a.c.util.SessionIdGeneratorBase        : Creation of SecureRandom instance for session ID generation using [SHA1PRNG] took [427] milliseconds.
2020-03-06 15:52:42.713  INFO 17964 --- [http-nio-8080-exec-1] com.zaxxer.hikari.HikariDataSource       : HikariPool-1 - Starting...
2020-03-06 15:52:42.812  INFO 17964 --- [http-nio-8080-exec-1] com.zaxxer.hikari.HikariDataSource       : HikariPool-1 - Start completed.
2020-03-06 15:52:42.817 DEBUG 17964 --- [http-nio-8080-exec-1] l.m.c.mapper.UserMapper.findByToken      : ==>  Preparing: select * from user where token = ? 
2020-03-06 15:52:42.835 DEBUG 17964 --- [http-nio-8080-exec-1] l.m.c.mapper.UserMapper.findByToken      : ==> Parameters: 4133e32d-1e3c-49ab-821c-f570639dcf34(String)
2020-03-06 15:52:42.859 DEBUG 17964 --- [http-nio-8080-exec-1] l.m.c.mapper.UserMapper.findByToken      : <==      Total: 1
2020-03-06 15:52:42.876 DEBUG 17964 --- [http-nio-8080-exec-1] l.m.c.mapper.QuestionMapper.getById      : ==>  Preparing: select * from question where id = ? 
2020-03-06 15:52:42.877 DEBUG 17964 --- [http-nio-8080-exec-1] l.m.c.mapper.QuestionMapper.getById      : ==> Parameters: 32(Integer)
2020-03-06 15:52:42.879 DEBUG 17964 --- [http-nio-8080-exec-1] l.m.c.mapper.QuestionMapper.getById      : <==      Total: 1
2020-03-06 15:52:42.884 DEBUG 17964 --- [http-nio-8080-exec-1] l.m.c.mapper.UserMapper.findById         : ==>  Preparing: select * from user where id = ? 
2020-03-06 15:52:42.885 DEBUG 17964 --- [http-nio-8080-exec-1] l.m.c.mapper.UserMapper.findById         : ==> Parameters: 49(Integer)
2020-03-06 15:52:42.886 DEBUG 17964 --- [http-nio-8080-exec-1] l.m.c.mapper.UserMapper.findById         : <==      Total: 1
2020-03-06 15:52:42.886 DEBUG 17964 --- [http-nio-8080-exec-1] l.m.c.m.QuestionMapper.selectRelated     : ==>  Preparing: select * from question where tag regexp ? 
2020-03-06 15:52:42.887 DEBUG 17964 --- [http-nio-8080-exec-1] l.m.c.m.QuestionMapper.selectRelated     : ==> Parameters: spring(String)
2020-03-06 15:52:42.888 DEBUG 17964 --- [http-nio-8080-exec-1] l.m.c.m.QuestionMapper.selectRelated     : <==      Total: 4
2020-03-06 15:52:42.894 DEBUG 17964 --- [http-nio-8080-exec-1] l.m.c.m.C.selectIdTypeByDesc             : ==>  Preparing: select * from comment where parent_id = ? and type = ? order by gmt_create desc 
2020-03-06 15:52:42.895 DEBUG 17964 --- [http-nio-8080-exec-1] l.m.c.m.C.selectIdTypeByDesc             : ==> Parameters: 32(Integer), 1(Integer)
2020-03-06 15:52:42.896 DEBUG 17964 --- [http-nio-8080-exec-1] l.m.c.m.C.selectIdTypeByDesc             : <==      Total: 3
2020-03-06 15:52:42.897 DEBUG 17964 --- [http-nio-8080-exec-1] l.m.c.mapper.UserMapper.findById         : ==>  Preparing: select * from user where id = ? 
2020-03-06 15:52:42.897 DEBUG 17964 --- [http-nio-8080-exec-1] l.m.c.mapper.UserMapper.findById         : ==> Parameters: 49(Integer)
2020-03-06 15:52:42.898 DEBUG 17964 --- [http-nio-8080-exec-1] l.m.c.mapper.UserMapper.findById         : <==      Total: 1
2020-03-06 15:52:42.899 DEBUG 17964 --- [http-nio-8080-exec-1] l.m.c.mapper.UserMapper.findById         : ==>  Preparing: select * from user where id = ? 
2020-03-06 15:52:42.899 DEBUG 17964 --- [http-nio-8080-exec-1] l.m.c.mapper.UserMapper.findById         : ==> Parameters: 52(Integer)
2020-03-06 15:52:42.900 DEBUG 17964 --- [http-nio-8080-exec-1] l.m.c.mapper.UserMapper.findById         : <==      Total: 1
2020-03-06 15:52:42.903 DEBUG 17964 --- [http-nio-8080-exec-1] l.m.c.m.QuestionMapper.updateViewCount   : ==>  Preparing: update question set view_count=view_count+1 where id = ? 
2020-03-06 15:52:42.903 DEBUG 17964 --- [http-nio-8080-exec-1] l.m.c.m.QuestionMapper.updateViewCount   : ==> Parameters: 32(Integer)
2020-03-06 15:52:42.971 DEBUG 17964 --- [http-nio-8080-exec-1] l.m.c.m.QuestionMapper.updateViewCount   : <==    Updates: 1
2020-03-06 15:52:48.272 DEBUG 17964 --- [http-nio-8080-exec-10] l.m.c.mapper.UserMapper.findByToken      : ==>  Preparing: select * from user where token = ? 
2020-03-06 15:52:48.272 DEBUG 17964 --- [http-nio-8080-exec-10] l.m.c.mapper.UserMapper.findByToken      : ==> Parameters: 04528886-152c-44ff-bff2-98531ca6311b(String)
2020-03-06 15:52:48.275 DEBUG 17964 --- [http-nio-8080-exec-10] l.m.c.mapper.UserMapper.findByToken      : <==      Total: 1
2020-03-06 15:52:48.280 DEBUG 17964 --- [http-nio-8080-exec-10] l.m.c.mapper.NotificationMapper.findAll  : ==>  Preparing: select * from notification 
2020-03-06 15:52:48.280 DEBUG 17964 --- [http-nio-8080-exec-10] l.m.c.mapper.NotificationMapper.findAll  : ==> Parameters: 
2020-03-06 15:52:48.282 DEBUG 17964 --- [http-nio-8080-exec-10] l.m.c.mapper.NotificationMapper.findAll  : <==      Total: 6
2020-03-06 15:52:48.283 DEBUG 17964 --- [http-nio-8080-exec-10] l.m.c.mapper.UserMapper.findById         : ==>  Preparing: select * from user where id = ? 
2020-03-06 15:52:48.283 DEBUG 17964 --- [http-nio-8080-exec-10] l.m.c.mapper.UserMapper.findById         : ==> Parameters: 49(Integer)
2020-03-06 15:52:48.284 DEBUG 17964 --- [http-nio-8080-exec-10] l.m.c.mapper.UserMapper.findById         : <==      Total: 1
2020-03-06 15:52:48.285 DEBUG 17964 --- [http-nio-8080-exec-10] l.m.c.mapper.QuestionMapper.getById      : ==>  Preparing: select * from question where id = ? 
2020-03-06 15:52:48.285 DEBUG 17964 --- [http-nio-8080-exec-10] l.m.c.mapper.QuestionMapper.getById      : ==> Parameters: 33(Integer)
2020-03-06 15:52:48.286 DEBUG 17964 --- [http-nio-8080-exec-10] l.m.c.mapper.QuestionMapper.getById      : <==      Total: 1
2020-03-06 15:52:48.287 DEBUG 17964 --- [http-nio-8080-exec-10] l.m.c.mapper.UserMapper.findById         : ==>  Preparing: select * from user where id = ? 
2020-03-06 15:52:48.287 DEBUG 17964 --- [http-nio-8080-exec-10] l.m.c.mapper.UserMapper.findById         : ==> Parameters: 49(Integer)
2020-03-06 15:52:48.288 DEBUG 17964 --- [http-nio-8080-exec-10] l.m.c.mapper.UserMapper.findById         : <==      Total: 1
2020-03-06 15:52:48.288 DEBUG 17964 --- [http-nio-8080-exec-10] l.m.c.mapper.CommentMapper.selectById    : ==>  Preparing: select * from comment where id = ? 
2020-03-06 15:52:48.288 DEBUG 17964 --- [http-nio-8080-exec-10] l.m.c.mapper.CommentMapper.selectById    : ==> Parameters: 45(Long)
2020-03-06 15:52:48.290 DEBUG 17964 --- [http-nio-8080-exec-10] l.m.c.mapper.CommentMapper.selectById    : <==      Total: 1
2020-03-06 15:52:48.291 DEBUG 17964 --- [http-nio-8080-exec-10] l.m.c.mapper.UserMapper.findById         : ==>  Preparing: select * from user where id = ? 
2020-03-06 15:52:48.292 DEBUG 17964 --- [http-nio-8080-exec-10] l.m.c.mapper.UserMapper.findById         : ==> Parameters: 49(Integer)
2020-03-06 15:52:48.294 DEBUG 17964 --- [http-nio-8080-exec-10] l.m.c.mapper.UserMapper.findById         : <==      Total: 1
2020-03-06 15:52:48.294 DEBUG 17964 --- [http-nio-8080-exec-10] l.m.c.mapper.CommentMapper.selectById    : ==>  Preparing: select * from comment where id = ? 
2020-03-06 15:52:48.295 DEBUG 17964 --- [http-nio-8080-exec-10] l.m.c.mapper.CommentMapper.selectById    : ==> Parameters: 45(Long)
2020-03-06 15:52:48.296 DEBUG 17964 --- [http-nio-8080-exec-10] l.m.c.mapper.CommentMapper.selectById    : <==      Total: 1
2020-03-06 15:52:48.297 DEBUG 17964 --- [http-nio-8080-exec-10] l.m.c.mapper.UserMapper.findById         : ==>  Preparing: select * from user where id = ? 
2020-03-06 15:52:48.298 DEBUG 17964 --- [http-nio-8080-exec-10] l.m.c.mapper.UserMapper.findById         : ==> Parameters: 49(Integer)
2020-03-06 15:52:48.299 DEBUG 17964 --- [http-nio-8080-exec-10] l.m.c.mapper.UserMapper.findById         : <==      Total: 1
2020-03-06 15:52:48.300 DEBUG 17964 --- [http-nio-8080-exec-10] l.m.c.mapper.QuestionMapper.getById      : ==>  Preparing: select * from question where id = ? 
2020-03-06 15:52:48.300 DEBUG 17964 --- [http-nio-8080-exec-10] l.m.c.mapper.QuestionMapper.getById      : ==> Parameters: 32(Integer)
2020-03-06 15:52:48.301 DEBUG 17964 --- [http-nio-8080-exec-10] l.m.c.mapper.QuestionMapper.getById      : <==      Total: 1
2020-03-06 15:52:48.301 DEBUG 17964 --- [http-nio-8080-exec-10] l.m.c.mapper.UserMapper.findById         : ==>  Preparing: select * from user where id = ? 
2020-03-06 15:52:48.301 DEBUG 17964 --- [http-nio-8080-exec-10] l.m.c.mapper.UserMapper.findById         : ==> Parameters: 52(Integer)
2020-03-06 15:52:48.311 DEBUG 17964 --- [http-nio-8080-exec-10] l.m.c.mapper.UserMapper.findById         : <==      Total: 1
2020-03-06 15:52:48.311 DEBUG 17964 --- [http-nio-8080-exec-10] l.m.c.mapper.QuestionMapper.getById      : ==>  Preparing: select * from question where id = ? 
2020-03-06 15:52:48.311 DEBUG 17964 --- [http-nio-8080-exec-10] l.m.c.mapper.QuestionMapper.getById      : ==> Parameters: 32(Integer)
2020-03-06 15:52:48.312 DEBUG 17964 --- [http-nio-8080-exec-10] l.m.c.mapper.QuestionMapper.getById      : <==      Total: 1
2020-03-06 15:52:48.313 DEBUG 17964 --- [http-nio-8080-exec-10] l.m.c.mapper.UserMapper.findById         : ==>  Preparing: select * from user where id = ? 
2020-03-06 15:52:48.313 DEBUG 17964 --- [http-nio-8080-exec-10] l.m.c.mapper.UserMapper.findById         : ==> Parameters: 52(Integer)
2020-03-06 15:52:48.313 DEBUG 17964 --- [http-nio-8080-exec-10] l.m.c.mapper.UserMapper.findById         : <==      Total: 1
2020-03-06 15:52:48.314 DEBUG 17964 --- [http-nio-8080-exec-10] l.m.c.mapper.QuestionMapper.getById      : ==>  Preparing: select * from question where id = ? 
2020-03-06 15:52:48.314 DEBUG 17964 --- [http-nio-8080-exec-10] l.m.c.mapper.QuestionMapper.getById      : ==> Parameters: 32(Integer)
2020-03-06 15:52:48.315 DEBUG 17964 --- [http-nio-8080-exec-10] l.m.c.mapper.QuestionMapper.getById      : <==      Total: 1
